<?xml version="1.0" encoding="UTF-8"?>
<!-- Generated by org.testng.reporters.JUnitReportReporter -->
<testsuite hostname="DESKTOP-AB6BR8M" failures="0" tests="1" name="com.ShoppersStack.TestScripts.Tc_002_Verify_User_Is_Able_To_Delete_Address_Or_Not_Test" time="21.645" errors="0" timestamp="2025-01-04T11:06:44 IST" skipped="0">
  <testcase classname="com.ShoppersStack.TestScripts.Tc_002_Verify_User_Is_Able_To_Delete_Address_Or_Not_Test" name="deleteAddress" time="21.645"/>
</testsuite> <!-- com.ShoppersStack.TestScripts.Tc_002_Verify_User_Is_Able_To_Delete_Address_Or_Not_Test -->
