<?xml version="1.0" encoding="UTF-8"?>
<!-- Generated by org.testng.reporters.JUnitReportReporter -->
<testsuite hostname="DESKTOP-AB6BR8M" failures="0" tests="1" name="com.ShoppersStack.TestScripts.Tc_001_Verify_User_Is_Able_To_Add_Address_Or_Not" time="44.711" errors="0" timestamp="2025-01-02T11:34:32 IST" skipped="0">
  <testcase classname="com.ShoppersStack.TestScripts.Tc_001_Verify_User_Is_Able_To_Add_Address_Or_Not" name="addAddress" time="44.711"/>
</testsuite> <!-- com.ShoppersStack.TestScripts.Tc_001_Verify_User_Is_Able_To_Add_Address_Or_Not -->
